TN:
SF:script/DeployLocal.s.sol
DA:54,0
FN:54,DeployLocal.run
FNDA:0,DeployLocal.run
DA:55,0
DA:57,0
DA:59,0
DA:60,0
DA:62,0
DA:69,0
DA:71,0
DA:72,0
DA:73,0
DA:76,0
DA:78,0
DA:80,0
DA:81,0
DA:82,0
DA:83,0
DA:84,0
DA:85,0
DA:86,0
DA:87,0
DA:88,0
FNF:1
FNH:0
LF:21
LH:0
BRF:0
BRH:0
end_of_record
TN:
SF:src/V1/staking.sol
DA:67,55
FN:67,StakingPool.constructor
FNDA:55,StakingPool.constructor
DA:74,55
DA:75,54
DA:76,53
DA:77,3
BRDA:77,0,0,3
DA:78,3
DA:80,52
DA:81,52
DA:82,52
DA:83,52
BRDA:83,1,0,51
DA:84,51
DA:86,52
DA:93,8
FN:93,StakingPool.updateReward
FNDA:8,StakingPool.updateReward
DA:94,8
DA:95,8
DA:96,8
BRDA:96,2,0,8
DA:97,8
DA:98,8
DA:106,2
FN:106,StakingPool.paused
FNDA:2,StakingPool.paused
DA:113,112
DA:117,13
FN:117,StakingPool.balanceOf
FNDA:13,StakingPool.balanceOf
DA:121,13
BRDA:121,3,0,1
DA:122,1
DA:124,12
DA:128,17
FN:128,StakingPool.earned
FNDA:17,StakingPool.earned
DA:130,56
BRDA:130,4,0,1
DA:131,1
DA:133,55
DA:134,55
DA:141,1
FN:141,StakingPool.rewardPerToken
FNDA:1,StakingPool.rewardPerToken
DA:143,118
BRDA:143,5,0,60
DA:144,60
DA:146,58
DA:147,58
DA:148,58
DA:153,1
FN:153,StakingPool.lastTimeRewardApplicable
FNDA:1,StakingPool.lastTimeRewardApplicable
DA:155,121
DA:161,24
FN:161,StakingPool.stake
FNDA:24,StakingPool.stake
DA:165,23
BRDA:165,6,0,1
DA:166,1
DA:169,22
DA:170,22
DA:175,22
DA:178,22
BRDA:178,7,0,1
DA:179,1
DA:182,21
DA:183,21
DA:184,21
DA:188,8
FN:188,StakingPool.withdraw
FNDA:8,StakingPool.withdraw
DA:191,8
DA:194,10
FN:194,StakingPool._withdraw
FNDA:10,StakingPool._withdraw
DA:195,10
BRDA:195,8,0,1
DA:196,1
DA:198,9
BRDA:198,9,0,1
DA:199,1
DA:201,8
DA:202,8
DA:203,8
DA:204,8
DA:208,5
FN:208,StakingPool.getReward
FNDA:5,StakingPool.getReward
DA:209,5
DA:212,8
FN:212,StakingPool._getReward
FNDA:8,StakingPool._getReward
DA:214,8
DA:215,8
BRDA:215,10,0,2
DA:216,2
DA:218,6
DA:219,6
DA:220,6
DA:224,3
FN:224,StakingPool.exit
FNDA:3,StakingPool.exit
DA:226,3
BRDA:226,11,0,2
DA:227,2
DA:229,3
DA:235,4
FN:235,StakingPool.pause
FNDA:4,StakingPool.pause
DA:237,3
DA:241,2
FN:241,StakingPool.unpause
FNDA:2,StakingPool.unpause
DA:243,2
DA:247,28
FN:247,StakingPool.notifyRewardAmount
FNDA:28,StakingPool.notifyRewardAmount
DA:258,23
BRDA:258,12,0,1
DA:259,1
DA:261,22
BRDA:261,13,0,1
DA:262,1
DA:265,21
DA:266,21
DA:267,19
DA:270,19
BRDA:270,14,0,1
DA:271,1
DA:274,18
BRDA:274,15,0,16
BRDA:274,15,1,2
DA:275,16
DA:277,2
DA:279,2
DA:283,18
DA:284,18
DA:285,18
DA:289,58
FN:289,StakingPool.setRewardsDuration
FNDA:58,StakingPool.setRewardsDuration
DA:293,56
BRDA:293,16,0,1
DA:294,1
DA:296,55
BRDA:296,17,0,2
DA:297,2
DA:299,53
DA:300,53
DA:304,8
FN:304,StakingPool.recoverERC20
FNDA:8,StakingPool.recoverERC20
DA:309,7
BRDA:309,18,0,1
DA:310,1
DA:312,6
BRDA:312,19,0,1
DA:313,1
DA:315,5
BRDA:315,20,0,2
DA:316,2
DA:318,3
DA:319,2
FNF:18
FNH:18
LF:109
LH:109
BRF:22
BRH:22
end_of_record
TN:
SF:src/V2/staking.sol
DA:151,191
FN:151,StakingPool.constructor
FNDA:191,StakingPool.constructor
DA:153,191
DA:154,190
DA:155,189
DA:156,188
DA:157,4
BRDA:157,0,0,4
DA:158,4
DA:160,187
BRDA:160,1,0,1
DA:161,1
DA:163,186
BRDA:163,2,0,1
DA:164,1
DA:166,185
BRDA:166,3,0,1
DA:167,1
DA:169,184
BRDA:169,4,0,1
DA:170,1
DA:173,183
DA:174,183
DA:175,183
DA:176,183
DA:177,183
DA:178,183
DA:179,183
DA:180,183
DA:181,183
DA:182,183
DA:184,183
DA:185,183
DA:186,362
DA:187,362
DA:188,362
BRDA:188,5,0,1
DA:189,1
DA:191,361
BRDA:191,6,0,1
DA:192,1
DA:194,360
DA:195,179
BRDA:195,7,0,1
DA:196,1
DA:199,359
DA:200,359
DA:201,359
DA:206,180
BRDA:206,8,0,1
DA:207,1
DA:209,179
DA:211,179
DA:212,179
BRDA:212,9,0,178
DA:213,178
DA:215,179
DA:217,179
DA:227,179
DA:236,186
FN:236,StakingPool.updateReward
FNDA:186,StakingPool.updateReward
DA:237,186
DA:242,183
FN:242,StakingPool.assertAssetCoverage
FNDA:183,StakingPool.assertAssetCoverage
DA:244,183
DA:254,3
FN:254,StakingPool.supportsInterface
FNDA:3,StakingPool.supportsInterface
DA:255,3
DA:259,2
FN:259,StakingPool.paused
FNDA:2,StakingPool.paused
DA:260,3141
DA:264,37
FN:264,StakingPool.getDeposit
FNDA:37,StakingPool.getDeposit
DA:265,37
DA:269,1152
FN:269,StakingPool.getActiveDepositIds
FNDA:1152,StakingPool.getActiveDepositIds
DA:270,1152
BRDA:270,10,0,1
DA:271,1
DA:273,1151
DA:277,2
FN:277,StakingPool.getUserDeposits
FNDA:2,StakingPool.getUserDeposits
DA:278,2
BRDA:278,11,0,1
DA:279,1
DA:281,1
DA:282,1
DA:283,1
DA:284,2
DA:289,14
FN:289,StakingPool.totalStakedOf
FNDA:14,StakingPool.totalStakedOf
DA:290,14
BRDA:290,12,0,1
DA:291,1
DA:293,13
DA:297,5
FN:297,StakingPool.earned
FNDA:5,StakingPool.earned
DA:298,5
BRDA:298,13,0,1
DA:299,1
DA:301,4
DA:302,4
DA:303,4
DA:304,4
DA:306,4
DA:310,15
FN:310,StakingPool.earnedByDeposit
FNDA:15,StakingPool.earnedByDeposit
DA:311,15
DA:312,15
BRDA:312,14,0,1
DA:313,1
DA:315,14
DA:319,21
FN:319,StakingPool.claimableReferralReward
FNDA:21,StakingPool.claimableReferralReward
DA:320,21
BRDA:320,15,0,1
DA:321,1
DA:323,20
DA:327,3
FN:327,StakingPool.getUpline
FNDA:3,StakingPool.getUpline
DA:328,128
BRDA:328,16,0,1
DA:329,1
DA:331,127
DA:332,127
DA:333,127
DA:334,127
DA:338,1
FN:338,StakingPool.getLockTiers
FNDA:1,StakingPool.getLockTiers
DA:339,1
DA:343,1
FN:343,StakingPool.getReferralRates
FNDA:1,StakingPool.getReferralRates
DA:344,1
DA:348,2
FN:348,StakingPool.getPenaltyConfig
FNDA:2,StakingPool.getPenaltyConfig
DA:349,2
DA:350,2
DA:354,1
FN:354,StakingPool.getSubsidyConfig
FNDA:1,StakingPool.getSubsidyConfig
DA:355,1
DA:365,5
FN:365,StakingPool.getRewardSchedule
FNDA:5,StakingPool.getRewardSchedule
DA:366,5
DA:376,3
FN:376,StakingPool.isRewardPeriodActive
FNDA:3,StakingPool.isRewardPeriodActive
DA:377,717
DA:381,8
FN:381,StakingPool.rewardPerToken
FNDA:8,StakingPool.rewardPerToken
DA:382,5525
BRDA:382,17,0,2593
DA:383,2593
DA:385,2932
DA:389,0
FN:389,StakingPool.lastTimeRewardApplicable
FNDA:0,StakingPool.lastTimeRewardApplicable
DA:390,11256
DA:394,3
FN:394,StakingPool.remainingBaseReward
FNDA:3,StakingPool.remainingBaseReward
DA:395,731
BRDA:395,18,0,1
DA:396,1
DA:398,730
DA:402,1030
FN:402,StakingPool.maxSweepableSubsidy
FNDA:1030,StakingPool.maxSweepableSubsidy
DA:403,2805
DA:404,2805
DA:405,2805
BRDA:405,19,0,49
DA:406,49
DA:407,49
DA:408,49
DA:411,2805
DA:412,2805
BRDA:412,20,0,1138
DA:413,1138
DA:415,1667
DA:423,1354
FN:423,StakingPool.stake
FNDA:1354,StakingPool.stake
DA:428,1353
BRDA:428,21,0,1
DA:429,1
DA:431,1352
BRDA:431,22,0,2
DA:432,2
DA:435,1350
DA:436,1349
BRDA:436,23,0,185
DA:437,185
DA:439,1164
DA:441,944
DA:442,942
DA:443,942
DA:445,942
DA:457,942
DA:458,942
DA:459,942
DA:460,942
DA:462,942
DA:463,942
DA:467,1152
FN:467,StakingPool.claimAll
FNDA:1152,StakingPool.claimAll
DA:468,1152
DA:472,186
FN:472,StakingPool.withdraw
FNDA:186,StakingPool.withdraw
DA:473,186
DA:474,183
DA:475,183
DA:476,183
DA:480,8
FN:480,StakingPool.withdrawMultiple
FNDA:8,StakingPool.withdrawMultiple
DA:481,8
BRDA:481,24,0,1
DA:482,1
DA:484,7
BRDA:484,25,0,1
DA:485,1
DA:487,6
DA:489,5
DA:490,5
DA:491,10
DA:493,4
DA:494,4
DA:495,4
DA:499,1021
FN:499,StakingPool.exit
FNDA:1021,StakingPool.exit
DA:500,1021
DA:501,1021
DA:502,1021
DA:503,242
DA:505,1021
DA:506,1021
DA:507,1021
DA:515,1219
FN:515,StakingPool.notifyRewardAmount
FNDA:1219,StakingPool.notifyRewardAmount
DA:518,1217
BRDA:518,26,0,1
DA:519,1
DA:521,1216
DA:522,1215
DA:523,1215
DA:524,1215
DA:525,1215
BRDA:525,27,0,801
DA:526,801
DA:527,801
DA:528,801
DA:529,801
DA:532,1215
DA:533,1215
DA:534,1215
DA:536,1215
BRDA:536,28,0,487
BRDA:536,28,1,728
DA:537,487
DA:539,728
DA:540,728
DA:542,1215
DA:543,1215
DA:545,1215
DA:546,1215
DA:554,4
FN:554,StakingPool.setTreasury
FNDA:4,StakingPool.setTreasury
DA:555,3
BRDA:555,29,0,1
DA:556,1
DA:558,2
DA:559,2
DA:563,564
FN:563,StakingPool.sweepSubsidy
FNDA:564,StakingPool.sweepSubsidy
DA:567,562
BRDA:567,30,0,1
DA:568,1
DA:570,561
BRDA:570,31,0,1
DA:571,1
DA:573,560
BRDA:573,32,0,1
DA:574,1
DA:576,559
DA:577,559
DA:578,559
DA:582,4
FN:582,StakingPool.pause
FNDA:4,StakingPool.pause
DA:583,3
DA:587,2
FN:587,StakingPool.unpause
FNDA:2,StakingPool.unpause
DA:588,1
DA:592,1030
FN:592,StakingPool.recoverERC20
FNDA:1030,StakingPool.recoverERC20
DA:593,1029
BRDA:593,33,0,1
DA:594,1
DA:596,1028
BRDA:596,34,0,1
DA:597,1
DA:599,1027
BRDA:599,35,0,2
DA:600,2
DA:602,1025
DA:603,1025
DA:612,5499
FN:612,StakingPool._updateReward
FNDA:5499,StakingPool._updateReward
DA:613,5499
DA:614,5499
BRDA:614,36,0,272
DA:615,272
DA:616,272
DA:617,272
DA:618,272
DA:621,5499
DA:622,5499
DA:624,5499
BRDA:624,37,0,1779
DA:625,1779
DA:628,3720
DA:629,3720
DA:630,3705
DA:636,1152
FN:636,StakingPool._claimAll
FNDA:1152,StakingPool._claimAll
DA:637,1152
DA:639,1152
DA:640,1152
DA:641,341
DA:642,341
DA:645,1152
DA:646,1152
BRDA:646,38,0,136
DA:647,136
DA:648,135
DA:657,775
FN:657,StakingPool._claimDepositReward
FNDA:775,StakingPool._claimDepositReward
DA:662,775
DA:663,775
BRDA:663,39,0,374
DA:664,374
DA:665,374
DA:666,374
DA:667,374
DA:670,775
DA:671,775
BRDA:671,40,0,96
DA:672,96
DA:673,96
DA:674,96
DA:675,96
DA:676,96
DA:679,775
BRDA:679,41,0,41
DA:680,41
DA:681,41
DA:682,41
DA:683,41
DA:684,41
DA:685,41
DA:692,2360
FN:692,StakingPool._claimReferralReward
FNDA:2360,StakingPool._claimReferralReward
DA:693,2360
DA:694,2360
BRDA:694,42,0,2315
DA:695,2315
DA:698,45
DA:699,45
DA:700,45
DA:701,45
DA:712,438
FN:712,StakingPool._withdrawDepositToAccounting
FNDA:438,StakingPool._withdrawDepositToAccounting
DA:716,438
DA:717,438
BRDA:717,43,0,2
DA:718,2
DA:720,436
BRDA:720,44,0,1
DA:721,1
DA:723,435
BRDA:723,45,0,1
DA:724,1
DA:727,434
DA:728,434
DA:730,434
DA:731,434
DA:732,434
DA:734,434
BRDA:734,46,0,227
BRDA:734,46,1,227
DA:735,227
DA:736,227
DA:737,227
DA:738,227
BRDA:738,47,0,138
DA:739,138
DA:740,138
DA:741,138
DA:743,227
DA:745,207
DA:746,207
DA:749,434
DA:751,434
DA:753,434
BRDA:753,48,0,223
DA:754,223
DA:756,434
DA:762,251
FN:762,StakingPool._mergeWithdrawAccounting
FNDA:251,StakingPool._mergeWithdrawAccounting
DA:766,251
DA:767,251
DA:768,251
DA:774,1208
FN:774,StakingPool._payWithdrawAccounting
FNDA:1208,StakingPool._payWithdrawAccounting
DA:775,1208
BRDA:775,49,0,372
DA:776,372
DA:778,1208
BRDA:778,50,0,202
DA:779,202
DA:781,1208
BRDA:781,51,0,175
DA:782,175
DA:783,175
DA:794,3705
FN:794,StakingPool._accrueDepositReward
FNDA:3705,StakingPool._accrueDepositReward
DA:795,3705
BRDA:795,52,0,3705
DA:796,3705
DA:798,3705
DA:799,3705
DA:800,3705
DA:801,3705
DA:803,3705
BRDA:803,53,0,3213
DA:804,3213
DA:806,492
BRDA:806,54,0,25
DA:807,25
DA:809,467
DA:810,467
BRDA:810,55,0,149
DA:811,149
DA:813,467
DA:814,467
DA:815,467
DA:816,467
DA:818,467
DA:820,467
DA:821,467
DA:823,467
DA:824,467
DA:826,467
BRDA:826,56,0,291
DA:827,291
DA:829,467
DA:840,467
FN:840,StakingPool._accrueReferralRewards
FNDA:467,StakingPool._accrueReferralRewards
DA:841,467
DA:842,467
BRDA:842,57,0,318
DA:843,318
DA:846,149
DA:847,149
DA:848,149
DA:850,149
DA:851,149
BRDA:851,58,0,119
DA:852,119
DA:855,30
DA:856,30
DA:857,30
DA:859,30
DA:860,30
BRDA:860,59,0,26
DA:861,26
DA:864,4
DA:865,4
DA:866,4
DA:878,467
FN:878,StakingPool._accrueLockBoostReward
FNDA:467,StakingPool._accrueLockBoostReward
DA:883,467
BRDA:883,60,0,174
DA:884,174
DA:887,293
BRDA:887,61,0,39
BRDA:887,61,1,39
DA:888,39
DA:889,39
DA:890,39
DA:891,39
BRDA:891,62,0,39
DA:892,39
DA:896,254
DA:899,293
DA:909,1165
FN:909,StakingPool._settleInviter
FNDA:1165,StakingPool._settleInviter
DA:910,1165
BRDA:910,63,0,1165
DA:911,1165
DA:913,729
DA:914,729
BRDA:914,64,0,384
DA:915,384
DA:916,384
DA:918,345
BRDA:918,65,0,220
DA:919,220
DA:921,125
DA:922,125
BRDA:922,66,0,1
DA:923,1
DA:925,124
DA:926,124
DA:936,1350
FN:936,StakingPool._boostRateOf
FNDA:1350,StakingPool._boostRateOf
DA:937,1350
BRDA:937,67,0,635
DA:938,635
DA:940,715
DA:941,1121
BRDA:941,68,0,714
DA:942,714
DA:945,1
DA:951,42
FN:951,StakingPool._rewardPerTokenAt
FNDA:42,StakingPool._rewardPerTokenAt
DA:952,42
DA:953,42
BRDA:953,69,0,1
DA:954,1
DA:957,41
DA:958,41
BRDA:958,70,0,1
DA:959,1
DA:962,40
DA:963,40
DA:964,40
DA:965,40
DA:966,40
DA:968,40
DA:969,40
BRDA:969,71,0,20
BRDA:969,71,1,20
DA:970,20
DA:971,20
BRDA:971,72,0,19
DA:972,19
DA:974,1
DA:975,1
DA:976,1
DA:977,1
DA:979,20
DA:980,20
DA:981,71
DA:982,51
DA:983,51
BRDA:983,73,0,31
BRDA:983,73,1,20
DA:984,31
DA:986,20
DA:990,20
DA:991,20
BRDA:991,74,0,-
DA:992,0
DA:994,20
DA:995,20
DA:996,20
DA:997,20
DA:998,20
DA:999,20
DA:1002,21
DA:1003,21
DA:1004,21
BRDA:1004,75,0,4
DA:1005,4
DA:1007,17
DA:1008,17
DA:1018,18
FN:1018,StakingPool._earnedByDeposit
FNDA:18,StakingPool._earnedByDeposit
DA:1019,18
DA:1020,18
BRDA:1020,76,0,18
DA:1021,18
DA:1023,18
DA:1024,18
DA:1025,18
DA:1039,793
FN:1039,StakingPool._isBoostClaimable
FNDA:793,StakingPool._isBoostClaimable
DA:1040,793
DA:1046,39
FN:1046,StakingPool._toDepositView
FNDA:39,StakingPool._toDepositView
DA:1047,39
DA:1062,3365
FN:1062,StakingPool._writeRewardCheckpoint
FNDA:3365,StakingPool._writeRewardCheckpoint
DA:1063,3365
DA:1069,3365
DA:1070,3365
DA:1071,3365
BRDA:1071,77,0,2413
BRDA:1071,77,1,2413
DA:1072,2413
DA:1073,2413
DA:1074,2413
DA:1076,952
DA:1079,3365
DA:1091,2961
FN:1091,StakingPool._pullExact
FNDA:2961,StakingPool._pullExact
DA:1092,2961
DA:1093,2961
DA:1094,2960
DA:1095,2960
BRDA:1095,78,0,2
DA:1096,2
DA:1101,5078
FN:1101,StakingPool._assertAssetCoverage
FNDA:5078,StakingPool._assertAssetCoverage
DA:1102,5078
BRDA:1102,79,0,1
DA:1103,1
DA:1106,5077
DA:1107,5077
BRDA:1107,80,0,13
DA:1108,13
DA:1109,13
BRDA:1109,81,0,1
DA:1110,1
DA:1112,12
DA:1115,5064
BRDA:1115,82,0,1
DA:1116,1
DA:1118,5063
BRDA:1118,83,0,1
DA:1119,1
DA:1130,435
FN:1130,StakingPool._removeActiveDeposit
FNDA:435,StakingPool._removeActiveDeposit
DA:1131,435
DA:1132,435
BRDA:1132,84,0,1
DA:1133,1
DA:1135,434
DA:1136,434
DA:1137,434
DA:1138,434
DA:1139,434
DA:1140,434
DA:1146,6
FN:1146,StakingPool._validateNoDuplicates
FNDA:6,StakingPool._validateNoDuplicates
DA:1147,6
DA:1148,11
DA:1149,7
BRDA:1149,85,0,1
DA:1150,1
FNF:55
FNH:54
LF:497
LH:495
BRF:92
BRH:91
end_of_record
TN:
SF:test/V1/staking.test.sol
DA:12,2
FN:12,FeeOnTransferMockERC20.constructor
FNDA:2,FeeOnTransferMockERC20.constructor
DA:18,2
DA:21,0
FN:21,FeeOnTransferMockERC20.transfer
FNDA:0,FeeOnTransferMockERC20.transfer
DA:25,0
DA:26,0
DA:28,0
BRDA:28,0,0,-
BRDA:28,0,1,-
DA:32,0
DA:33,0
DA:34,0
DA:35,0
DA:38,2
FN:38,FeeOnTransferMockERC20.transferFrom
FNDA:2,FeeOnTransferMockERC20.transferFrom
DA:43,2
DA:44,2
DA:46,2
BRDA:46,1,0,-
BRDA:46,1,1,2
DA:50,2
BRDA:50,2,0,-
BRDA:50,2,1,2
DA:54,2
DA:55,2
DA:56,2
DA:57,2
DA:58,2
DA:63,3
FN:63,V1DeploymentConfigPolicy.validatePoolTokens
FNDA:3,V1DeploymentConfigPolicy.validatePoolTokens
DA:69,3
BRDA:69,3,0,-
DA:70,0
DA:72,3
BRDA:72,4,0,2
DA:73,2
FNF:4
FNH:3
LF:25
LH:16
BRF:8
BRH:3
end_of_record
TN:
SF:test/V2/staking.base.t.sol
DA:12,2
FN:12,FeeOnTransferMockERC20.constructor
FNDA:2,FeeOnTransferMockERC20.constructor
DA:15,2
DA:18,0
FN:18,FeeOnTransferMockERC20.transfer.0
FNDA:0,FeeOnTransferMockERC20.transfer.0
DA:19,0
DA:20,0
DA:21,0
BRDA:21,0,0,-
BRDA:21,0,1,-
DA:22,0
DA:23,0
DA:24,0
DA:25,0
DA:26,0
DA:29,2
FN:29,FeeOnTransferMockERC20.transferFrom.0
FNDA:2,FeeOnTransferMockERC20.transferFrom.0
DA:30,2
DA:31,2
DA:32,2
BRDA:32,1,0,-
BRDA:32,1,1,2
DA:33,2
BRDA:33,2,0,-
BRDA:33,2,1,2
DA:34,2
DA:35,2
DA:36,2
DA:37,2
DA:38,2
DA:39,2
DA:49,1
FN:49,RevertingMockERC20.setRevertTransfer
FNDA:1,RevertingMockERC20.setRevertTransfer
DA:50,1
DA:53,1
FN:53,RevertingMockERC20.setRevertTransferFrom
FNDA:1,RevertingMockERC20.setRevertTransferFrom
DA:54,1
DA:57,1
FN:57,RevertingMockERC20.transfer.1
FNDA:1,RevertingMockERC20.transfer.1
DA:58,1
BRDA:58,3,0,1
DA:59,0
DA:62,3
FN:62,RevertingMockERC20.transferFrom.1
FNDA:3,RevertingMockERC20.transferFrom.1
DA:63,1
BRDA:63,4,0,1
DA:64,2
DA:71,1
FN:71,BalanceMutableMockERC20.burnFrom
FNDA:1,BalanceMutableMockERC20.burnFrom
DA:72,1
BRDA:72,5,0,-
BRDA:72,5,1,1
DA:73,1
DA:74,1
DA:75,1
DA:82,3
FN:82,V2StakingPoolHarness.exposedAssertAssetCoverage
FNDA:3,V2StakingPoolHarness.exposedAssertAssetCoverage
DA:83,3
DA:86,1
FN:86,V2StakingPoolHarness.exposedRemoveActiveDeposit
FNDA:1,V2StakingPoolHarness.exposedRemoveActiveDeposit
DA:87,1
DA:90,3
FN:90,V2StakingPoolHarness.exposedRewardPerTokenAt
FNDA:3,V2StakingPoolHarness.exposedRewardPerTokenAt
DA:91,3
DA:94,1
FN:94,V2StakingPoolHarness.exposedSettleInviter
FNDA:1,V2StakingPoolHarness.exposedSettleInviter
DA:95,1
DA:98,4
FN:98,V2StakingPoolHarness.setInviterState
FNDA:4,V2StakingPoolHarness.setInviterState
DA:99,4
DA:100,4
DA:152,160
FN:152,V2StakingPoolBase.setUp
FNDA:160,V2StakingPoolBase.setUp
DA:153,160
DA:154,160
DA:155,160
DA:156,160
DA:157,160
DA:158,160
DA:161,4
FN:161,V2StakingPoolBase._deployDefault.0
FNDA:4,V2StakingPoolBase._deployDefault.0
DA:162,4
DA:165,170
FN:165,V2StakingPoolBase._deployDefault.1
FNDA:170,V2StakingPoolBase._deployDefault.1
DA:171,170
DA:172,170
DA:173,170
DA:174,170
DA:177,191
FN:177,V2StakingPoolBase._defaultParams
FNDA:191,V2StakingPoolBase._defaultParams
DA:182,191
DA:183,191
DA:184,191
DA:185,191
DA:186,191
DA:187,191
DA:188,191
DA:206,13
FN:206,V2StakingPoolBase._deployWithParams
FNDA:13,V2StakingPoolBase._deployWithParams
DA:207,13
DA:210,0
FN:210,V2StakingPoolBase._emptyUintArray
FNDA:0,V2StakingPoolBase._emptyUintArray
DA:211,0
DA:214,4
FN:214,V2StakingPoolBase._oneLockTier
FNDA:4,V2StakingPoolBase._oneLockTier
DA:219,4
DA:220,4
DA:221,4
DA:222,4
DA:225,163
FN:225,V2StakingPoolBase._fundAndApproveDefault
FNDA:163,V2StakingPoolBase._fundAndApproveDefault
DA:226,163
DA:227,163
DA:228,815
DA:229,815
DA:230,815
DA:232,163
DA:233,163
DA:234,163
DA:235,163
DA:238,88
FN:238,V2StakingPoolBase._notify
FNDA:88,V2StakingPoolBase._notify
DA:239,88
DA:240,88
DA:243,272
FN:243,V2StakingPoolBase._stake
FNDA:272,V2StakingPoolBase._stake
DA:244,272
DA:245,272
DA:248,45
FN:248,V2StakingPoolBase._claim
FNDA:45,V2StakingPoolBase._claim
DA:249,45
DA:250,45
DA:253,25
FN:253,V2StakingPoolBase._withdraw
FNDA:25,V2StakingPoolBase._withdraw
DA:254,25
DA:255,25
DA:258,4
FN:258,V2StakingPoolBase._withdrawMultiple
FNDA:4,V2StakingPoolBase._withdrawMultiple
DA:259,4
DA:260,4
DA:263,5
FN:263,V2StakingPoolBase._exit
FNDA:5,V2StakingPoolBase._exit
DA:264,5
DA:265,5
DA:268,9
FN:268,V2StakingPoolBase._expectedSubsidy
FNDA:9,V2StakingPoolBase._expectedSubsidy
DA:269,9
DA:272,1
FN:272,V2StakingPoolBase._expectedReward
FNDA:1,V2StakingPoolBase._expectedReward
DA:277,1
DA:280,9
FN:280,V2StakingPoolBase._assertActiveIds
FNDA:9,V2StakingPoolBase._assertActiveIds
DA:281,9
DA:282,9
DA:283,9
DA:284,12
DA:285,12
DA:286,20
BRDA:286,6,0,12
DA:288,12
DA:292,6
FN:292,V2StakingPoolBase._expectAccessDenied
FNDA:6,V2StakingPoolBase._expectAccessDenied
DA:293,6
DA:296,4
FN:296,V2StakingPoolBase._single
FNDA:4,V2StakingPoolBase._single
DA:297,4
DA:298,4
DA:301,2
FN:301,V2StakingPoolBase._pair
FNDA:2,V2StakingPoolBase._pair
DA:302,2
DA:303,2
DA:304,2
DA:307,1
FN:307,V2StakingPoolBase._triple
FNDA:1,V2StakingPoolBase._triple
DA:308,1
DA:309,1
DA:310,1
DA:311,1
FNF:34
FNH:32
LF:133
LH:121
BRF:11
BRH:6
end_of_record
TN:
SF:test/V2/staking.invariant.t.sol
DA:21,4
FN:21,V2StakingInvariantHandler.constructor
FNDA:4,V2StakingInvariantHandler.constructor
DA:30,4
DA:31,4
DA:32,4
DA:33,4
DA:34,4
DA:35,4
DA:36,4
DA:39,1056
FN:39,V2StakingInvariantHandler.stake
FNDA:1056,V2StakingInvariantHandler.stake
DA:40,1056
DA:41,1056
DA:42,1056
DA:43,1056
DA:45,1056
DA:46,1056
BRDA:46,0,0,1056
DA:47,657
DA:51,1104
FN:51,V2StakingInvariantHandler.claim
FNDA:1104,V2StakingInvariantHandler.claim
DA:52,1104
DA:53,1104
BRDA:53,1,0,1104
DA:56,1136
FN:56,V2StakingInvariantHandler.withdraw
FNDA:1136,V2StakingInvariantHandler.withdraw
DA:57,1136
DA:58,1136
DA:59,1136
BRDA:59,2,0,981
DA:61,155
DA:62,155
DA:63,155
BRDA:63,3,0,155
DA:66,1016
FN:66,V2StakingInvariantHandler.exit
FNDA:1016,V2StakingInvariantHandler.exit
DA:67,1016
DA:68,1016
BRDA:68,4,0,1016
DA:71,1112
FN:71,V2StakingInvariantHandler.notifyRewardAmount
FNDA:1112,V2StakingInvariantHandler.notifyRewardAmount
DA:72,1112
DA:73,1112
DA:74,1112
BRDA:74,5,0,1112
DA:77,1012
FN:77,V2StakingInvariantHandler.sweepSubsidy
FNDA:1012,V2StakingInvariantHandler.sweepSubsidy
DA:78,1012
DA:79,1012
BRDA:79,6,0,460
DA:81,552
DA:82,552
DA:83,552
BRDA:83,7,0,552
DA:86,1052
FN:86,V2StakingInvariantHandler.recoverOtherToken
FNDA:1052,V2StakingInvariantHandler.recoverOtherToken
DA:87,1052
DA:88,1052
BRDA:88,8,0,32
DA:90,1020
DA:91,1020
DA:92,1020
BRDA:92,9,0,1020
DA:95,960
FN:95,V2StakingInvariantHandler.warp
FNDA:960,V2StakingInvariantHandler.warp
DA:96,960
DA:99,0
FN:99,V2StakingInvariantHandler.actorCount
FNDA:0,V2StakingInvariantHandler.actorCount
DA:100,0
DA:103,0
FN:103,V2StakingInvariantHandler.actorAt
FNDA:0,V2StakingInvariantHandler.actorAt
DA:104,0
DA:107,0
FN:107,V2StakingInvariantHandler.depositCount
FNDA:0,V2StakingInvariantHandler.depositCount
DA:108,0
DA:111,0
FN:111,V2StakingInvariantHandler.depositIdAt
FNDA:0,V2StakingInvariantHandler.depositIdAt
DA:112,0
DA:115,4986
FN:115,V2StakingInvariantHandler._actor
FNDA:4986,V2StakingInvariantHandler._actor
DA:116,4986
DA:119,1056
FN:119,V2StakingInvariantHandler._inviter
FNDA:1056,V2StakingInvariantHandler._inviter
DA:120,1056
BRDA:120,10,0,382
DA:121,674
DA:122,674
DA:125,1056
FN:125,V2StakingInvariantHandler._lockDuration
FNDA:1056,V2StakingInvariantHandler._lockDuration
DA:126,1056
DA:127,1056
BRDA:127,11,0,279
DA:128,777
BRDA:128,12,0,400
DA:129,377
FNF:16
FNH:12
LF:66
LH:58
BRF:13
BRH:13
end_of_record
TN:
SF:test/mocks/MockERC20.sol
DA:21,628
FN:21,MockERC20.constructor
FNDA:628,MockERC20.constructor
DA:22,628
DA:23,628
DA:24,628
DA:27,1342
FN:27,MockERC20.mint
FNDA:1342,MockERC20.mint
DA:28,1342
DA:29,1342
DA:30,1342
DA:33,2487
FN:33,MockERC20.transfer
FNDA:2487,MockERC20.transfer
DA:37,2487
BRDA:37,0,0,1
BRDA:37,0,1,2486
DA:41,2486
DA:42,2486
DA:43,2486
DA:44,2486
DA:47,1135
FN:47,MockERC20.approve
FNDA:1135,MockERC20.approve
DA:48,1135
DA:49,1135
DA:50,1135
DA:53,2999
FN:53,MockERC20.transferFrom
FNDA:2999,MockERC20.transferFrom
DA:58,2999
BRDA:58,1,0,1
BRDA:58,1,1,2998
DA:62,2998
BRDA:62,2,0,1
BRDA:62,2,1,2997
DA:66,2997
DA:67,2997
DA:68,2997
DA:69,2997
DA:70,2997
FNF:5
FNH:5
LF:26
LH:26
BRF:6
BRH:6
end_of_record
