TN:
SF:src/staking.sol
DA:31,32
FN:31,StakingPool.constructor
FNDA:32,StakingPool.constructor
DA:38,32
DA:39,31
DA:40,30
DA:41,29
DA:42,4
BRDA:42,0,0,4
DA:43,4
DA:45,28
DA:46,28
DA:47,28
DA:48,28
DA:49,28
DA:52,6
FN:52,StakingPool.updateReward
FNDA:6,StakingPool.updateReward
DA:53,6
DA:54,6
DA:55,6
BRDA:55,1,0,6
DA:56,6
DA:57,6
DA:64,2
FN:64,StakingPool.paused
FNDA:2,StakingPool.paused
DA:71,61
DA:74,8
FN:74,StakingPool.balanceOf
FNDA:8,StakingPool.balanceOf
DA:78,8
BRDA:78,2,0,1
DA:79,1
DA:81,7
DA:84,8
FN:84,StakingPool.earned
FNDA:8,StakingPool.earned
DA:86,31
BRDA:86,3,0,1
DA:87,1
DA:89,30
DA:90,30
DA:96,1
FN:96,StakingPool.rewardPerToken
FNDA:1,StakingPool.rewardPerToken
DA:98,66
BRDA:98,4,0,38
DA:99,38
DA:101,28
DA:102,28
DA:103,28
DA:107,1
FN:107,StakingPool.lastTimeRewardApplicable
FNDA:1,StakingPool.lastTimeRewardApplicable
DA:109,64
DA:114,13
FN:114,StakingPool.stake
FNDA:13,StakingPool.stake
DA:118,12
BRDA:118,5,0,1
DA:119,1
DA:122,11
DA:123,11
DA:128,11
DA:131,11
DA:132,11
DA:133,11
DA:136,4
FN:136,StakingPool.withdraw
FNDA:4,StakingPool.withdraw
DA:140,6
BRDA:140,6,0,1
DA:141,1
DA:143,5
BRDA:143,7,0,1
DA:144,1
DA:146,4
DA:147,4
DA:148,4
DA:149,4
DA:152,3
FN:152,StakingPool.getReward
FNDA:3,StakingPool.getReward
DA:154,5
DA:155,5
BRDA:155,8,0,2
DA:156,2
DA:158,3
DA:159,3
DA:160,3
DA:163,2
FN:163,StakingPool.exit
FNDA:2,StakingPool.exit
DA:165,2
BRDA:165,9,0,2
DA:166,2
DA:168,2
DA:173,3
FN:173,StakingPool.pause
FNDA:3,StakingPool.pause
DA:175,2
DA:178,1
FN:178,StakingPool.unpause
FNDA:1,StakingPool.unpause
DA:180,1
DA:183,15
FN:183,StakingPool.notifyRewardAmount
FNDA:15,StakingPool.notifyRewardAmount
DA:194,12
BRDA:194,10,0,1
DA:195,1
DA:197,11
BRDA:197,11,0,1
DA:198,1
DA:200,10
DA:201,8
BRDA:201,12,0,7
BRDA:201,12,1,1
DA:202,7
DA:204,1
DA:206,1
DA:208,8
DA:209,8
DA:210,8
DA:213,31
FN:213,StakingPool.setRewardsDuration
FNDA:31,StakingPool.setRewardsDuration
DA:217,29
BRDA:217,13,0,1
DA:218,1
DA:220,28
BRDA:220,14,0,1
DA:221,1
DA:223,27
DA:224,27
DA:227,6
FN:227,StakingPool.recoverERC20
FNDA:6,StakingPool.recoverERC20
DA:232,5
BRDA:232,15,0,2
DA:233,2
DA:235,3
BRDA:235,16,0,2
DA:236,2
DA:238,1
DA:239,1
FNF:16
FNH:16
LF:97
LH:97
BRF:18
BRH:18
end_of_record
TN:
SF:test/staking.test.sol
DA:17,81
FN:17,MockERC20.constructor
FNDA:81,MockERC20.constructor
DA:18,81
DA:19,81
DA:22,108
FN:22,MockERC20.mint
FNDA:108,MockERC20.mint
DA:23,108
DA:24,108
DA:27,9
FN:27,MockERC20.transfer
FNDA:9,MockERC20.transfer
DA:28,9
BRDA:28,0,0,-
BRDA:28,0,1,9
DA:29,9
DA:30,9
DA:31,9
DA:34,82
FN:34,MockERC20.approve
FNDA:82,MockERC20.approve
DA:35,82
DA:36,82
DA:39,21
FN:39,MockERC20.transferFrom
FNDA:21,MockERC20.transferFrom
DA:40,21
BRDA:40,1,0,1
BRDA:40,1,1,20
DA:41,20
BRDA:41,2,0,1
BRDA:41,2,1,19
DA:42,19
DA:43,19
DA:44,19
DA:45,19
FNF:5
FNH:5
LF:21
LH:21
BRF:6
BRH:5
end_of_record
